
> hrcdashboard@0.1.0 start
> next start

sh: next: not found

> hrcdashboard@0.1.0 start
> next start

sh: next: not found

> hrcdashboard@0.1.0 start
> next start

sh: next: not found

> hrcdashboard@0.1.0 start
> next start

sh: next: not found

> hrcdashboard@0.1.0 start
> next start

sh: next: not found

> hrcdashboard@0.1.0 start
> next start

sh: next: not found

> hrcdashboard@0.1.0 start
> next start

sh: next: not found

> hrcdashboard@0.1.0 start
> next start

sh: next: not found

> hrcdashboard@0.1.0 start
> next start

sh: next: not found

> hrcdashboard@0.1.0 start
> next start

sh: next: not found

> hrcdashboard@0.1.0 start
> next start

sh: next: not found

> hrcdashboard@0.1.0 start
> next start

sh: next: not found

> hrcdashboard@0.1.0 start
> next start

sh: next: not found

> hrcdashboard@0.1.0 start
> next start

sh: next: not found

> hrcdashboard@0.1.0 start
> next start

sh: next: not found

> hrcdashboard@0.1.0 start
> next start

sh: next: not found

> hrcdashboard@0.1.0 start
> next start

sh: next: not found

> hrcdashboard@0.1.0 start
> next start

sh: next: not found

> hrcdashboard@0.1.0 start
> next start

sh: next: not found

> hrcdashboard@0.1.0 start
> next start

sh: next: not found

> hrcdashboard@0.1.0 start
> next start

sh: next: not found

> hrcdashboard@0.1.0 start
> next start

sh: next: not found

> hrcdashboard@0.1.0 start
> next start

sh: next: not found

> hrcdashboard@0.1.0 start
> next start

sh: next: not found

> hrcdashboard@0.1.0 start
> next start

sh: next: not found

> hrcdashboard@0.1.0 start
> next start

sh: next: not found

> hrcdashboard@0.1.0 start
> next start

sh: next: not found

> hrcdashboard@0.1.0 start
> next start

sh: next: not found

> hrcdashboard@0.1.0 start
> next start

sh: next: not found
sh: next: not found
npm notice
npm notice New major version of npm available! 10.8.2 -> 11.5.2
npm notice Changelog: https://github.com/npm/cli/releases/tag/v11.5.2
npm notice To update run: npm install -g npm@11.5.2
npm notice
sh: next: not found
sh: next: not found
sh: next: not found
sh: next: not found
sh: next: not found
sh: next: not found
sh: next: not found
sh: next: not found
sh: next: not found
sh: next: not found
sh: next: not found
sh: next: not found
sh: next: not found
sh: next: not found
sh: next: not found
sh: next: not found
sh: next: not found
sh: next: not found
sh: next: not found
sh: next: not found
sh: next: not found
sh: next: not found
sh: next: not found
sh: next: not found
sh: next: not found
sh: next: not found
sh: next: not found
sh: next: not found
sh: next: not found
sh: next: not found
sh: next: not found
sh: next: not found
sh: next: not found
sh: next: not found

> hrcdashboard@0.1.0 start
> next start

 ⚠ You are using a non-standard "NODE_ENV" value in your environment. This creates inconsistencies in the project and is strongly advised against. Read more: https://nextjs.org/docs/messages/non-standard-node-env
   ▲ Next.js 15.1.6
   - Local:        http://localhost:3000
   - Network:      http://172.27.0.2:3000

 ✓ Starting...
 ⚠ You are using a non-standard "NODE_ENV" value in your environment. This creates inconsistencies in the project and is strongly advised against. Read more: https://nextjs.org/docs/messages/non-standard-node-env
 ✓ Ready in 696ms
npm notice
npm notice New major version of npm available! 10.8.2 -> 11.5.2
npm notice Changelog: https://github.com/npm/cli/releases/tag/v11.5.2
npm notice To update run: npm install -g npm@11.5.2
npm notice

> hrcdashboard@0.1.0 start
> next start

 ⚠ You are using a non-standard "NODE_ENV" value in your environment. This creates inconsistencies in the project and is strongly advised against. Read more: https://nextjs.org/docs/messages/non-standard-node-env
   ▲ Next.js 15.1.6
   - Local:        http://localhost:3000
   - Network:      http://172.27.0.2:3000

 ✓ Starting...
 ⚠ You are using a non-standard "NODE_ENV" value in your environment. This creates inconsistencies in the project and is strongly advised against. Read more: https://nextjs.org/docs/messages/non-standard-node-env
 ✓ Ready in 714ms
npm notice
npm notice New major version of npm available! 10.8.2 -> 11.5.2
npm notice Changelog: https://github.com/npm/cli/releases/tag/v11.5.2
npm notice To update run: npm install -g npm@11.5.2
npm notice

> hrcdashboard@0.1.0 start
> next start

 ⚠ You are using a non-standard "NODE_ENV" value in your environment. This creates inconsistencies in the project and is strongly advised against. Read more: https://nextjs.org/docs/messages/non-standard-node-env
   ▲ Next.js 15.1.6
   - Local:        http://localhost:3000
   - Network:      http://172.27.0.2:3000

 ✓ Starting...
 ⚠ You are using a non-standard "NODE_ENV" value in your environment. This creates inconsistencies in the project and is strongly advised against. Read more: https://nextjs.org/docs/messages/non-standard-node-env
 ✓ Ready in 795ms
